AutoECO Report
FILE-A: D:\ORCAD\ORCAD_10.5\TOOLS\LAYOUT_ENG_ED\DATA\METRIC.TCH
FILE-B: C:\ORCAD_DATA\RESISTERPHANTOM\RESISTERPHANTOM32.MNL
If "*EOF*" immediately follows, no changes were made
Adding footprint AX/RC05
Adding footprint RAD/CK05
Adding package CON1
Adding package R
Adding package C
Adding component J68
Adding component R96
Adding component J23
Adding component C9
Adding component J7
Adding component R38
Adding component R91
Adding component R68
Adding component J30
Adding component R13
Adding component J50
Adding component R116
Adding component J67
Adding component R126
Adding component R17
Adding component J40
Adding component C3
Adding component C16
Adding component R82
Adding component R42
Adding component J49
Adding component R95
Adding component R8
Adding component J66
Adding component R115
Adding component C30
Adding component J38
Adding component J35
Adding component J48
Adding component R120
Adding component J19
Adding component R86
Adding component J1
Adding component R89
Adding component J5
Adding component C15
Adding component C1
Adding component J26
Adding component R7
Adding component J10
Adding component R119
Adding component J47
Adding component J4
Adding component C28
Adding component R76
Adding component R12
Adding component R93
Adding component R106
Adding component C10
Adding component R113
Adding component R6
Adding component J46
Adding component R61
Adding component J17
Adding component R80
Adding component R11
Adding component C27
Adding component C13
Adding component R110
Adding component J45
Adding component R75
Adding component J22
Adding component J16
Adding component R117
Adding component R5
Adding component R100
Adding component J63
Adding component R49
Adding component J29
Adding component J61
Adding component J44
Adding component R10
Adding component C22
Adding component R79
Adding component C8
Adding component J11
Adding component C25
Adding component R104
Adding component R62
Adding component R44
Adding component J43
Adding component R99
Adding component R18
Adding component R124
Adding component J60
Adding component R9
Adding component J18
Adding component C7
Adding component R57
Adding component J42
Adding component C2
Adding component J25
Adding component J14
Adding component R103
Adding component C20
Adding component R90
Adding component R22
Adding component R97
Adding component R128
Adding component J32
Adding component R123
Adding component R4
Adding component R47
Adding component R58
Adding component J9
Adding component R94
Adding component J58
Adding component R26
Adding component R101
Adding component C19
Adding component C32
Adding component J39
Adding component R127
Adding component R3
Adding component R43
Adding component R59
Adding component R53
Adding component R69
Adding component J21
Adding component R84
Adding component C14
Adding component R30
Adding component R31
Adding component J8
Adding component J28
Adding component R114
Adding component C17
Adding component J3
Adding component C31
Adding component R2
Adding component J37
Adding component R39
Adding component R60
Adding component R54
Adding component R40
Adding component R70
Adding component R83
Adding component R73
Adding component R20
Adding component R88
Adding component R27
Adding component J36
Adding component R118
Adding component R108
Adding component R1
Adding component J57
Adding component R121
Adding component R74
Adding component R35
Adding component R55
Adding component R71
Adding component J65
Adding component R87
Adding component R24
Adding component R77
Adding component R23
Adding component J24
Adding component R112
Adding component J56
Adding component C12
Adding component J15
Adding component R107
Adding component J31
Adding component R125
Adding component J34
Adding component R78
Adding component R45
Adding component R56
Adding component J33
Adding component R72
Adding component C26
Adding component J55
Adding component J64
Adding component R28
Adding component C5
Adding component R19
Adding component C11
Adding component R111
Adding component C29
Adding component C24
Adding component R65
Adding component C6
Adding component R41
Adding component R105
Adding component R46
Adding component R98
Adding component R16
Adding component J54
Adding component R51
Adding component J20
Adding component R32
Adding component R29
Adding component J13
Adding component J27
Adding component R81
Adding component C23
Adding component J53
Adding component R36
Adding component R66
Adding component R37
Adding component R109
Adding component R48
Adding component R102
Adding component R15
Adding component R52
Adding component J59
Adding component R64
Adding component R25
Adding component R50
Adding component J12
Adding component J52
Adding component J69
Adding component R92
Adding component R85
Adding component J2
Adding component J6
Adding component R34
Adding component R67
Adding component R33
Adding component C21
Adding component R14
Adding component C4
Adding component J62
Adding component J41
Adding component R122
Adding component J51
Adding component C18
Adding component R21
Adding component R63
Adding net N19106
Adding net N162770
Adding net N192580
Adding net N189820
Adding net N194420
Adding net N188900
Adding net N172940
Adding net N156540
Adding net N159600
Adding net N153590
Adding net N193500
Adding net N166050
Adding net N190740
Adding net N191660
Adding net N169440
Adding net N133130
Adding net N195340
Adding net CH18
Adding net CH26
Adding net CH25
Adding net CH21
Adding net CH28
Adding net CH20
Adding net CH27
Adding net CH23
Adding net CH30
Adding net CH22
Adding net CH29
Adding net CH17
Adding net CH32
Adding net CH24
Adding net CH31
Adding net CH19
Adding net N13830
Adding net N15391
Adding net N15686
Adding net N15992
Adding net N16309
Adding net N16637
Adding net N16976
Adding net N17326
Adding net N32199
Adding net N30967
Adding net N32111
Adding net N31847
Adding net N31671
Adding net N30879
Adding net N31319
Adding net N31759
Adding net N31583
Adding net N31055
Adding net N31231
Adding net N31495
Adding net GND_POWER
Adding net N31935
Adding net N31407
Adding net N32023
Adding net N31143
Adding net N319910
Adding net N313750
Adding net N311990
Adding net N309350
Adding net N319030
Adding net N317310
Adding net N312870
Adding net N318150
Adding net N316390
Adding net N19290
Adding net N308470
Adding net CH9
Adding net N321670
Adding net CH1
Adding net N320870
Adding net N19566
Adding net CH13
Adding net N315510
Adding net CH16
Adding net N310230
Adding net CH12
Adding net N311110
Adding net CH8
Adding net N314630
Adding net CH14
Adding net CH2
Adding net N18922
Adding net CH6
Adding net CH5
Adding net N19474
Adding net CH3
Adding net CH11
Adding net N19382
Adding net CH15
Adding net N19014
Adding net CH10
Adding net CH7
Adding net CH4
Adding net N19198
Deleting net DEFAULT
*EOF*
No errors found
